<story path="stories/consult_dictionary/LookupADefinition.story" title="Lookup a definition">
<narrative keyword="Narrative:">
  <inOrderTo keyword="In order to">talk better</inOrderTo>
  <asA keyword="As a">n English student</asA>
  <iWantTo keyword="I want to">look up word definitions</iWantTo>
</narrative>
<scenario keyword="Scenario:" title="Looking up the definition of &apos;apple&apos;">
<step outcome="failed" keyword="FAILED">Given the user is on the Wikionary home page<failure>net.thucydides.core.webdriver.DriverConfigurationError: Could not instantiate class org.openqa.selenium.chrome.ChromeDriver</failure></step>
<step outcome="notPerformed" keyword="NOT PERFORMED">When the user looks up the definition of the word &apos;apple&apos;</step>
<step outcome="notPerformed" keyword="NOT PERFORMED">Then they should see the definition &apos;A common, round fruit produced by the tree Malus domestica, cultivated in temperate climates.&apos;</step>
<failure>net.thucydides.core.webdriver.DriverConfigurationError: Could not instantiate class org.openqa.selenium.chrome.ChromeDriver
	at net.thucydides.core.webdriver.WebDriverFacade.newDriverInstance(WebDriverFacade.java:144)
	at net.thucydides.core.webdriver.WebDriverFacade.newProxyDriver(WebDriverFacade.java:132)
	at net.thucydides.core.webdriver.WebDriverFacade.getProxiedDriver(WebDriverFacade.java:102)
	at net.thucydides.core.webdriver.WebDriverFacade.get(WebDriverFacade.java:172)
	at net.serenitybdd.core.pages.PageObject.openPageAtUrl(PageObject.java:909)
	at net.serenitybdd.core.pages.PageObject.open(PageObject.java:810)
	at net.serenitybdd.core.pages.PageObject.open(PageObject.java:798)
	at org.example.steps.serenity.EndUserSteps.is_the_home_page(EndUserSteps.java:32)
	at org.example.steps.serenity.EndUserSteps$ByteBuddy$bXIt33bC.is_the_home_page$accessor$fy3Bvh6b(Unknown Source)
	(reflection-invoke)
	at net.thucydides.core.steps.StepInterceptor.invokeMethod(StepInterceptor.java:492)
	at net.thucydides.core.steps.StepInterceptor.executeTestStepMethod(StepInterceptor.java:472)
	at net.thucydides.core.steps.StepInterceptor.runTestStep(StepInterceptor.java:445)
	at net.thucydides.core.steps.StepInterceptor.runOrSkipMethod(StepInterceptor.java:201)
	at net.thucydides.core.steps.StepInterceptor.testStepResult(StepInterceptor.java:188)
	at net.thucydides.core.steps.StepInterceptor.intercept(StepInterceptor.java:76)
	at net.thucydides.core.steps.ProxyConfiguration$InterceptorDispatcher.intercept(ProxyConfiguration.java:51)
	at org.example.steps.serenity.EndUserSteps$ByteBuddy$bXIt33bC.is_the_home_page(Unknown Source)
	at org.example.steps.DefinitionSteps.givenTheUserIsOnTheWikionaryHomePage(DefinitionSteps.java:17)
	(reflection-invoke)
	at org.jbehave.core.steps.StepCreator$ParametrisedStep.perform(StepCreator.java:790)
	at org.jbehave.core.embedder.PerformableTree$FineSoFar.run(PerformableTree.java:349)
...</failure>
</scenario>
<scenario keyword="Scenario:" title="Looking up the definition of &apos;pear&apos;">
<step outcome="failed" keyword="FAILED">Given the user is on the Wikionary home page<failure>net.thucydides.core.webdriver.DriverConfigurationError: Could not instantiate class org.openqa.selenium.chrome.ChromeDriver</failure></step>
<step outcome="notPerformed" keyword="NOT PERFORMED">When the user looks up the definition of the word &apos;pear&apos;</step>
<step outcome="notPerformed" keyword="NOT PERFORMED">Then they should see the definition &apos;An edible fruit produced by the pear tree, similar to an apple but elongated towards the stem.&apos;</step>
<failure>net.thucydides.core.webdriver.DriverConfigurationError: Could not instantiate class org.openqa.selenium.chrome.ChromeDriver
	at net.thucydides.core.webdriver.WebDriverFacade.newDriverInstance(WebDriverFacade.java:144)
	at net.thucydides.core.webdriver.WebDriverFacade.newProxyDriver(WebDriverFacade.java:132)
	at net.thucydides.core.webdriver.WebDriverFacade.getProxiedDriver(WebDriverFacade.java:102)
	at net.thucydides.core.webdriver.WebDriverFacade.get(WebDriverFacade.java:172)
	at net.serenitybdd.core.pages.PageObject.openPageAtUrl(PageObject.java:909)
	at net.serenitybdd.core.pages.PageObject.open(PageObject.java:810)
	at net.serenitybdd.core.pages.PageObject.open(PageObject.java:798)
	at org.example.steps.serenity.EndUserSteps.is_the_home_page(EndUserSteps.java:32)
	at org.example.steps.serenity.EndUserSteps$ByteBuddy$bXIt33bC.is_the_home_page$accessor$fy3Bvh6b(Unknown Source)
	(reflection-invoke)
	at net.thucydides.core.steps.StepInterceptor.invokeMethod(StepInterceptor.java:492)
	at net.thucydides.core.steps.StepInterceptor.executeTestStepMethod(StepInterceptor.java:472)
	at net.thucydides.core.steps.StepInterceptor.runTestStep(StepInterceptor.java:445)
	at net.thucydides.core.steps.StepInterceptor.runOrSkipMethod(StepInterceptor.java:201)
	at net.thucydides.core.steps.StepInterceptor.testStepResult(StepInterceptor.java:188)
	at net.thucydides.core.steps.StepInterceptor.intercept(StepInterceptor.java:76)
	at net.thucydides.core.steps.ProxyConfiguration$InterceptorDispatcher.intercept(ProxyConfiguration.java:51)
	at org.example.steps.serenity.EndUserSteps$ByteBuddy$bXIt33bC.is_the_home_page(Unknown Source)
	at org.example.steps.DefinitionSteps.givenTheUserIsOnTheWikionaryHomePage(DefinitionSteps.java:17)
	(reflection-invoke)
	at org.jbehave.core.steps.StepCreator$ParametrisedStep.perform(StepCreator.java:790)
	at org.jbehave.core.embedder.PerformableTree$FineSoFar.run(PerformableTree.java:349)
...</failure>
</scenario>
</story>
